2022-04-13 10:07:44,784 - root - Loading pre-trained token embedding vectors from /Users/wanyuexiao/.mxnet/embedding/glove/glove.twitter.27B.100d.npz
2022-04-13 10:07:51,606 - root - ** There are 1290 out of vocab items **
2022-04-13 10:07:53,749 - root - Epoch loss = 86.34585762023926
2022-04-13 10:07:53,949 - root - Validation Acc = 0.15833333333333333
2022-04-13 10:07:55,972 - root - Epoch loss = 81.62646102905273
2022-04-13 10:07:56,168 - root - Validation Acc = 0.15833333333333333
2022-04-13 10:07:58,190 - root - Epoch loss = 81.20132899284363
2022-04-13 10:07:58,386 - root - Validation Acc = 0.16666666666666666
2022-04-13 10:08:00,401 - root - Epoch loss = 80.92706775665283
2022-04-13 10:08:00,597 - root - Validation Acc = 0.15833333333333333
2022-04-13 10:08:02,623 - root - Epoch loss = 80.73163676261902
2022-04-13 10:08:02,818 - root - Validation Acc = 0.15833333333333333
2022-04-13 10:08:04,835 - root - Epoch loss = 79.64615201950073
2022-04-13 10:08:05,035 - root - Validation Acc = 0.15833333333333333
2022-04-13 10:08:07,056 - root - Epoch loss = 79.93280720710754
2022-04-13 10:08:07,253 - root - Validation Acc = 0.16666666666666666
2022-04-13 10:08:09,282 - root - Epoch loss = 80.59284520149231
2022-04-13 10:08:09,480 - root - Validation Acc = 0.16666666666666666
2022-04-13 10:08:11,499 - root - Epoch loss = 80.36938095092773
2022-04-13 10:08:11,698 - root - Validation Acc = 0.15833333333333333
2022-04-13 10:08:13,726 - root - Epoch loss = 79.23754954338074
2022-04-13 10:08:13,922 - root - Validation Acc = 0.11666666666666667
2022-04-13 10:14:03,008 - root - Loading pre-trained token embedding vectors from /Users/wanyuexiao/.mxnet/embedding/glove/glove.twitter.27B.100d.npz
2022-04-13 10:14:19,730 - root - ** There are 12575 out of vocab items **
2022-04-13 10:14:50,719 - root - Epoch loss = 1082.6256184577942
2022-04-13 10:14:53,316 - root - Validation Acc = 0.179375
2022-04-13 10:15:23,465 - root - Epoch loss = 1047.515671491623
2022-04-13 10:15:26,079 - root - Validation Acc = 0.21
2022-04-13 10:15:56,178 - root - Epoch loss = 956.0570863485336
2022-04-13 10:15:58,767 - root - Validation Acc = 0.26625
2022-04-13 10:16:28,550 - root - Epoch loss = 847.4085457324982
2022-04-13 10:16:31,141 - root - Validation Acc = 0.364375
2022-04-13 10:17:00,901 - root - Epoch loss = 764.2947816848755
2022-04-13 10:17:03,492 - root - Validation Acc = 0.3875
2022-04-13 10:17:33,253 - root - Epoch loss = 718.7273536920547
2022-04-13 10:17:35,844 - root - Validation Acc = 0.3925
2022-04-13 10:18:05,600 - root - Epoch loss = 679.4775436520576
2022-04-13 10:18:08,190 - root - Validation Acc = 0.4075
2022-04-13 10:18:38,019 - root - Epoch loss = 644.6531285047531
2022-04-13 10:18:40,610 - root - Validation Acc = 0.408125
2022-04-13 10:19:10,365 - root - Epoch loss = 611.1455044150352
2022-04-13 10:19:12,957 - root - Validation Acc = 0.426875
2022-04-13 10:19:42,728 - root - Epoch loss = 577.5772051215172
2022-04-13 10:19:45,352 - root - Validation Acc = 0.430625
2022-04-13 10:27:55,971 - root - Loading pre-trained token embedding vectors from /Users/wanyuexiao/.mxnet/embedding/glove/glove.twitter.27B.200d.npz
2022-04-13 10:28:15,961 - root - ** There are 12611 out of vocab items **
2022-04-13 10:29:31,526 - root - Loading pre-trained token embedding vectors from /Users/wanyuexiao/.mxnet/embedding/glove/glove.twitter.27B.200d.npz
2022-04-13 10:29:49,486 - root - ** There are 9600 out of vocab items **
2022-04-13 10:31:01,788 - root - Loading pre-trained token embedding vectors from /Users/wanyuexiao/.mxnet/embedding/glove/glove.twitter.27B.200d.npz
2022-04-13 10:31:15,638 - root - ** There are 2556 out of vocab items **
2022-04-13 10:32:06,707 - root - Epoch loss = 498.0140254497528
2022-04-13 10:34:03,118 - root - Loading pre-trained token embedding vectors from /Users/wanyuexiao/.mxnet/embedding/glove/glove.twitter.27B.200d.npz
2022-04-13 10:34:17,211 - root - ** There are 2562 out of vocab items **
2022-04-13 10:35:08,611 - root - Epoch loss = 494.4203848838806
2022-04-13 10:36:59,582 - root - Loading pre-trained token embedding vectors from /Users/wanyuexiao/.mxnet/embedding/glove/glove.twitter.27B.200d.npz
2022-04-13 10:37:13,770 - root - ** There are 2528 out of vocab items **
2022-04-13 10:38:05,416 - root - Epoch loss = 490.74050545692444
2022-04-13 10:38:22,859 - root - TRAINING AP = 0.07381434390419409 Acc = 0.17421875 Precision = 0.4089501096491228 Recall = 0.39140625
2022-04-13 10:38:27,171 - root - VALIDATION AP = 0.07441932565789472 Acc = 0.17625 Precision = 0.40962719298245615 Recall = 0.39208333333333334
2022-04-13 10:39:18,089 - root - Epoch loss = 479.82650876045227
2022-04-13 10:39:35,292 - root - TRAINING AP = 0.07395322265625 Acc = 0.1746875 Precision = 0.40910635964912284 Recall = 0.39156250000000004
2022-04-13 10:39:39,624 - root - VALIDATION AP = 0.07594366776315789 Acc = 0.18125 Precision = 0.41129385964912285 Recall = 0.39375
2022-04-13 10:42:18,308 - root - Loading pre-trained token embedding vectors from /Users/wanyuexiao/.mxnet/embedding/glove/glove.twitter.27B.200d.npz
2022-04-13 10:42:33,470 - root - ** There are 2558 out of vocab items **
2022-04-13 10:43:19,331 - root - Loading pre-trained token embedding vectors from /Users/wanyuexiao/.mxnet/embedding/glove/glove.twitter.27B.100d.npz
2022-04-13 10:43:30,678 - root - ** There are 2599 out of vocab items **
2022-04-13 10:44:00,529 - root - Epoch loss = 499.74307656288147
2022-04-13 10:44:12,007 - root - TRAINING AP = 0.07294498355263158 Acc = 0.17125 Precision = 0.4079605263157895 Recall = 0.3904166666666667
2022-04-13 10:44:14,863 - root - VALIDATION AP = 0.07294498355263158 Acc = 0.17125 Precision = 0.4079605263157895 Recall = 0.3904166666666667
2022-04-13 10:44:43,218 - root - Epoch loss = 483.37116050720215
2022-04-13 10:44:54,938 - root - TRAINING AP = 0.07470133120888157 Acc = 0.1771875 Precision = 0.40993969298245614 Recall = 0.39239583333333333
2022-04-13 10:44:57,817 - root - VALIDATION AP = 0.07367590460526316 Acc = 0.17375 Precision = 0.4087938596491228 Recall = 0.39125000000000004
2022-04-13 10:46:00,627 - root - Loading pre-trained token embedding vectors from /Users/wanyuexiao/.mxnet/embedding/glove/glove.twitter.27B.200d.npz
2022-04-13 10:46:14,158 - root - ** There are 2522 out of vocab items **
2022-04-13 10:47:05,836 - root - Epoch loss = 500.7617094516754
2022-04-13 10:47:24,614 - root - TRAINING AP = 0.0734461490028783 Acc = 0.17296875 Precision = 0.40853344298245614 Recall = 0.3909895833333333
2022-04-13 10:47:29,292 - root - VALIDATION AP = 0.07873157894736843 Acc = 0.19 Precision = 0.41421052631578953 Recall = 0.39666666666666667
2022-04-13 10:48:20,400 - root - Epoch loss = 481.84169340133667
2022-04-13 10:48:39,105 - root - TRAINING AP = 0.0728997160259046 Acc = 0.17109375 Precision = 0.40790844298245615 Recall = 0.39036458333333335
2022-04-13 10:48:43,777 - root - VALIDATION AP = 0.07771831825657895 Acc = 0.186875 Precision = 0.4131688596491228 Recall = 0.39562500000000006
2022-04-13 10:49:34,886 - root - Epoch loss = 478.77672123908997
2022-04-13 10:50:19,536 - root - Loading pre-trained token embedding vectors from /Users/wanyuexiao/.mxnet/embedding/glove/glove.twitter.27B.200d.npz
2022-04-13 10:50:37,359 - root - ** There are 9647 out of vocab items **
2022-04-13 10:50:54,045 - root - Loading pre-trained token embedding vectors from /Users/wanyuexiao/.mxnet/embedding/glove/glove.twitter.27B.200d.npz
2022-04-13 10:51:07,645 - root - ** There are 2593 out of vocab items **
2022-04-13 10:51:57,728 - root - Epoch loss = 502.7256712913513
2022-04-13 10:52:15,253 - root - TRAINING AP = 0.07508007298519737 Acc = 0.1784375 Precision = 0.4103563596491228 Recall = 0.3928125
2022-04-13 10:52:19,633 - root - VALIDATION AP = 0.07222656250000001 Acc = 0.16875 Precision = 0.4071271929824561 Recall = 0.38958333333333334
2022-04-13 10:53:09,564 - root - Epoch loss = 482.0041172504425
2022-04-13 10:53:27,057 - root - TRAINING AP = 0.07489031147203948 Acc = 0.1778125 Precision = 0.4101480263157895 Recall = 0.39260416666666664
2022-04-13 10:53:31,437 - root - VALIDATION AP = 0.07258421052631579 Acc = 0.17 Precision = 0.4075438596491228 Recall = 0.38999999999999996
2022-04-13 10:54:21,366 - root - Epoch loss = 478.3303782939911
2022-04-13 10:54:38,856 - root - TRAINING AP = 0.07493767860814145 Acc = 0.17796875 Precision = 0.4102001096491228 Recall = 0.39265625
2022-04-13 10:54:43,231 - root - VALIDATION AP = 0.07258421052631579 Acc = 0.17 Precision = 0.4075438596491228 Recall = 0.38999999999999996
2022-04-13 10:55:33,182 - root - Epoch loss = 474.18147349357605
2022-04-13 10:55:50,680 - root - TRAINING AP = 0.07541403551603618 Acc = 0.17953125 Precision = 0.41072094298245615 Recall = 0.3931770833333333
2022-04-13 10:55:55,063 - root - VALIDATION AP = 0.07152064144736842 Acc = 0.16625 Precision = 0.4062938596491228 Recall = 0.38875
2022-04-13 10:56:45,078 - root - Epoch loss = 469.59613251686096
2022-04-13 10:57:02,571 - root - TRAINING AP = 0.08092300061677632 Acc = 0.1965625 Precision = 0.4163980263157894 Recall = 0.3988541666666667
2022-04-13 10:57:06,946 - root - VALIDATION AP = 0.07852736430921052 Acc = 0.189375 Precision = 0.41400219298245616 Recall = 0.39645833333333336
2022-04-13 10:57:56,882 - root - Epoch loss = 461.8584015369415
2022-04-13 10:58:14,354 - root - TRAINING AP = 0.08695359272203948 Acc = 0.2134375 Precision = 0.42202302631578953 Recall = 0.40447916666666667
2022-04-13 10:58:18,727 - root - VALIDATION AP = 0.08018295641447368 Acc = 0.194375 Precision = 0.41566885964912276 Recall = 0.398125
2022-04-13 10:59:08,653 - root - Epoch loss = 452.22279381752014
2022-04-13 10:59:26,145 - root - TRAINING AP = 0.09874225303248355 Acc = 0.24265625 Precision = 0.4317626096491228 Recall = 0.41421875
2022-04-13 10:59:30,558 - root - VALIDATION AP = 0.09266601562499999 Acc = 0.228125 Precision = 0.42691885964912285 Recall = 0.409375
2022-04-13 11:00:20,533 - root - Epoch loss = 441.2695623636246
2022-04-13 11:00:38,031 - root - TRAINING AP = 0.10574703304893092 Acc = 0.25828125 Precision = 0.43697094298245615 Recall = 0.41942708333333334
2022-04-13 11:00:42,414 - root - VALIDATION AP = 0.09680219983552632 Acc = 0.238125 Precision = 0.4302521929824561 Recall = 0.4127083333333333
2022-04-13 11:01:33,040 - root - Epoch loss = 426.74943256378174
2022-04-13 11:01:50,918 - root - TRAINING AP = 0.11056198087993421 Acc = 0.2684375 Precision = 0.44035635964912284 Recall = 0.42281250000000004
2022-04-13 11:01:55,606 - root - VALIDATION AP = 0.1033814761513158 Acc = 0.253125 Precision = 0.43525219298245615 Recall = 0.41770833333333335
2022-04-13 11:02:28,892 - root - Loading pre-trained token embedding vectors from /Users/wanyuexiao/.mxnet/embedding/glove/glove.twitter.27B.200d.npz
2022-04-13 11:02:46,760 - root - ** There are 9600 out of vocab items **
2022-04-13 11:03:37,427 - root - Epoch loss = 487.3529751300812
2022-04-13 11:03:54,929 - root - TRAINING AP = 0.07267411081414474 Acc = 0.1703125 Precision = 0.4076480263157895 Recall = 0.3901041666666667
2022-04-13 11:03:59,305 - root - VALIDATION AP = 0.08167261513157895 Acc = 0.19875 Precision = 0.4171271929824562 Recall = 0.39958333333333335
2022-04-13 11:04:49,811 - root - Epoch loss = 460.1846492290497
2022-04-13 11:05:07,323 - root - TRAINING AP = 0.10218360788445724 Acc = 0.25046875 Precision = 0.43436677631578946 Recall = 0.41682291666666665
2022-04-13 11:05:11,696 - root - VALIDATION AP = 0.11378289473684211 Acc = 0.275 Precision = 0.44254385964912285 Recall = 0.425
2022-04-13 11:06:02,161 - root - Epoch loss = 420.6971687078476
2022-04-13 11:06:19,655 - root - TRAINING AP = 0.14568782894736843 Acc = 0.3325 Precision = 0.46171052631578946 Recall = 0.44416666666666665
2022-04-13 11:06:24,030 - root - VALIDATION AP = 0.1404061677631579 Acc = 0.32375 Precision = 0.4587938596491228 Recall = 0.44125
2022-04-13 11:07:14,522 - root - Epoch loss = 390.9351575374603
2022-04-13 11:07:32,014 - root - TRAINING AP = 0.15915222039473687 Acc = 0.35375 Precision = 0.4687938596491228 Recall = 0.45125
2022-04-13 11:07:36,390 - root - VALIDATION AP = 0.15033684210526316 Acc = 0.34 Precision = 0.46421052631578946 Recall = 0.4466666666666667
2022-04-13 11:08:26,932 - root - Epoch loss = 364.80289578437805
2022-04-13 11:08:44,421 - root - TRAINING AP = 0.1905299380653783 Acc = 0.39859375 Precision = 0.48374177631578946 Recall = 0.4661979166666667
2022-04-13 11:08:48,794 - root - VALIDATION AP = 0.16706979851973683 Acc = 0.365625 Precision = 0.47275219298245613 Recall = 0.4552083333333334
2022-04-13 11:09:39,311 - root - Epoch loss = 339.1284085512161
2022-04-13 11:09:56,802 - root - TRAINING AP = 0.21857892038445723 Acc = 0.43453125 Precision = 0.4957209429824561 Recall = 0.47817708333333336
2022-04-13 11:10:01,174 - root - VALIDATION AP = 0.18104216694078948 Acc = 0.385625 Precision = 0.47941885964912284 Recall = 0.46187500000000004
2022-04-13 11:10:51,646 - root - Epoch loss = 317.7517719268799
2022-04-13 11:11:09,135 - root - TRAINING AP = 0.25381782483552634 Acc = 0.475625 Precision = 0.5094188596491228 Recall = 0.491875
2022-04-13 11:11:13,546 - root - VALIDATION AP = 0.2074188116776316 Acc = 0.420625 Precision = 0.49108552631578944 Recall = 0.4735416666666667
2022-04-13 11:12:04,006 - root - Epoch loss = 295.89728927612305
2022-04-13 11:12:21,500 - root - TRAINING AP = 0.266218209035773 Acc = 0.48921875 Precision = 0.5139501096491228 Recall = 0.49640625
2022-04-13 11:12:25,873 - root - VALIDATION AP = 0.2049641447368421 Acc = 0.4175 Precision = 0.4900438596491228 Recall = 0.4725
2022-04-13 11:13:16,368 - root - Epoch loss = 277.48692429065704
2022-04-13 11:13:33,857 - root - TRAINING AP = 0.3281515419407895 Acc = 0.551875 Precision = 0.5348355263157895 Recall = 0.5172916666666666
2022-04-13 11:13:38,230 - root - VALIDATION AP = 0.2256689761513158 Acc = 0.443125 Precision = 0.49858552631578945 Recall = 0.48104166666666665
2022-04-13 11:14:28,698 - root - Epoch loss = 256.0834931731224
2022-04-13 11:14:46,187 - root - TRAINING AP = 0.36529042326274663 Acc = 0.58609375 Precision = 0.5462417763157895 Recall = 0.5286979166666667
2022-04-13 11:14:50,599 - root - VALIDATION AP = 0.24493164062500003 Acc = 0.465625 Precision = 0.5060855263157894 Recall = 0.48854166666666665
2022-04-13 11:15:41,070 - root - Epoch loss = 238.01086270809174
2022-04-13 11:15:58,559 - root - TRAINING AP = 0.4045855507298519 Acc = 0.62015625 Precision = 0.5575959429824561 Recall = 0.5400520833333333
2022-04-13 11:16:02,934 - root - VALIDATION AP = 0.23839825246710528 Acc = 0.458125 Precision = 0.5035855263157895 Recall = 0.48604166666666665
2022-04-13 11:16:53,435 - root - Epoch loss = 215.90834283828735
2022-04-13 11:17:10,924 - root - TRAINING AP = 0.4672747879831414 Acc = 0.67078125 Precision = 0.5744709429824562 Recall = 0.5569270833333334
2022-04-13 11:17:15,302 - root - VALIDATION AP = 0.25381782483552634 Acc = 0.475625 Precision = 0.5094188596491228 Recall = 0.491875
2022-04-13 11:18:05,758 - root - Epoch loss = 195.5207313299179
2022-04-13 11:18:23,289 - root - TRAINING AP = 0.49013732910156244 Acc = 0.68828125 Precision = 0.5803042763157894 Recall = 0.5627604166666667
2022-04-13 11:18:27,663 - root - VALIDATION AP = 0.2230736842105263 Acc = 0.44 Precision = 0.49754385964912284 Recall = 0.48
2022-04-13 11:19:18,121 - root - Epoch loss = 175.39290183782578
2022-04-13 11:19:35,607 - root - TRAINING AP = 0.5595015625 Acc = 0.73875 Precision = 0.5971271929824561 Recall = 0.5795833333333333
2022-04-13 11:19:39,981 - root - VALIDATION AP = 0.23091815378289476 Acc = 0.449375 Precision = 0.5006688596491228 Recall = 0.483125
2022-04-13 11:20:30,442 - root - Epoch loss = 154.44658234715462
2022-04-13 11:20:47,930 - root - TRAINING AP = 0.6346754266036184 Acc = 0.7896875 Precision = 0.6141063596491229 Recall = 0.5965625
2022-04-13 11:20:52,304 - root - VALIDATION AP = 0.2357092105263158 Acc = 0.455 Precision = 0.5025438596491228 Recall = 0.48500000000000004
2022-04-13 11:25:06,985 - root - Loading pre-trained token embedding vectors from /Users/wanyuexiao/.mxnet/embedding/glove/glove.twitter.27B.200d.npz
2022-04-13 11:25:20,497 - root - ** There are 2603 out of vocab items **
2022-04-13 11:26:10,934 - root - Epoch loss = 484.0207130908966
2022-04-13 11:26:28,706 - root - TRAINING AP = 0.07508007298519737 Acc = 0.1784375 Precision = 0.4103563596491228 Recall = 0.3928125
2022-04-13 11:26:33,142 - root - VALIDATION AP = 0.07349200246710527 Acc = 0.173125 Precision = 0.4085855263157894 Recall = 0.3910416666666667
2022-04-13 11:27:24,042 - root - Epoch loss = 451.70303678512573
2022-04-13 11:27:41,944 - root - TRAINING AP = 0.11708994140625 Acc = 0.2815625 Precision = 0.44473135964912275 Recall = 0.4271875
2022-04-13 11:27:46,421 - root - VALIDATION AP = 0.1185336143092105 Acc = 0.284375 Precision = 0.4456688596491228 Recall = 0.42812500000000003
2022-04-13 11:28:38,200 - root - Epoch loss = 395.19435262680054
2022-04-13 11:28:56,145 - root - TRAINING AP = 0.16079564144736844 Acc = 0.35625 Precision = 0.4696271929824561 Recall = 0.45208333333333334
2022-04-13 11:29:00,654 - root - VALIDATION AP = 0.15792785773026316 Acc = 0.351875 Precision = 0.46816885964912275 Recall = 0.450625
2022-04-13 11:29:53,142 - root - Epoch loss = 359.0949627161026
2022-04-13 11:30:11,272 - root - TRAINING AP = 0.18477413008840463 Acc = 0.39078125 Precision = 0.48113760964912283 Recall = 0.46359375
2022-04-13 11:30:15,822 - root - VALIDATION AP = 0.17178256578947368 Acc = 0.3725 Precision = 0.4750438596491228 Recall = 0.4575
2022-04-13 11:31:07,571 - root - Epoch loss = 330.97751128673553
2022-04-13 11:31:25,779 - root - TRAINING AP = 0.2041096255653783 Acc = 0.41640625 Precision = 0.4896792763157895 Recall = 0.4721354166666667
2022-04-13 11:31:30,518 - root - VALIDATION AP = 0.17925187088815792 Acc = 0.383125 Precision = 0.47858552631578943 Recall = 0.4610416666666666
2022-04-13 11:32:23,013 - root - Epoch loss = 311.4628003835678
2022-04-13 11:32:41,378 - root - TRAINING AP = 0.2485175318667763 Acc = 0.4696875 Precision = 0.5074396929824562 Recall = 0.48989583333333336
2022-04-13 11:32:45,869 - root - VALIDATION AP = 0.20989300986842105 Acc = 0.42375 Precision = 0.49212719298245616 Recall = 0.47458333333333336
2022-04-13 11:33:40,019 - root - Epoch loss = 291.8021289110184
2022-04-13 11:33:59,603 - root - TRAINING AP = 0.2803302978515625 Acc = 0.50421875 Precision = 0.5189501096491228 Recall = 0.50140625
2022-04-13 11:34:04,493 - root - VALIDATION AP = 0.2256689761513158 Acc = 0.443125 Precision = 0.49858552631578945 Recall = 0.48104166666666665
2022-04-13 11:34:57,648 - root - Epoch loss = 272.2462517619133
2022-04-13 11:35:16,405 - root - TRAINING AP = 0.31709629934210526 Acc = 0.54125 Precision = 0.5312938596491228 Recall = 0.51375
2022-04-13 11:35:21,388 - root - VALIDATION AP = 0.23893840460526317 Acc = 0.45875 Precision = 0.5037938596491228 Recall = 0.48625
2022-04-13 11:36:14,271 - root - Epoch loss = 255.088672041893
2022-04-13 11:36:32,260 - root - TRAINING AP = 0.35574309210526317 Acc = 0.5775 Precision = 0.5433771929824561 Recall = 0.5258333333333334
2022-04-13 11:36:36,765 - root - VALIDATION AP = 0.2583359169407895 Acc = 0.480625 Precision = 0.5110855263157895 Recall = 0.4935416666666667
2022-04-13 11:37:27,929 - root - Epoch loss = 237.3234510421753
2022-04-13 11:37:45,925 - root - TRAINING AP = 0.3848282008120888 Acc = 0.60328125 Precision = 0.5519709429824561 Recall = 0.5344270833333333
2022-04-13 11:37:50,533 - root - VALIDATION AP = 0.2566357730263158 Acc = 0.47875 Precision = 0.5104605263157894 Recall = 0.49291666666666667
2022-04-13 11:38:41,710 - root - Epoch loss = 220.70443069934845
2022-04-13 11:39:01,317 - root - TRAINING AP = 0.4372267411081414 Acc = 0.64703125 Precision = 0.5665542763157895 Recall = 0.5490104166666666
2022-04-13 11:39:06,381 - root - VALIDATION AP = 0.2692667763157895 Acc = 0.4925 Precision = 0.5150438596491228 Recall = 0.4975
2022-04-13 11:40:01,022 - root - Epoch loss = 205.67588084936142
2022-04-13 11:40:20,455 - root - TRAINING AP = 0.46687209472656244 Acc = 0.67046875 Precision = 0.5743667763157895 Recall = 0.5568229166666666
2022-04-13 11:40:25,312 - root - VALIDATION AP = 0.26578445723684213 Acc = 0.48875 Precision = 0.5137938596491228 Recall = 0.49625
2022-04-13 11:41:20,587 - root - Epoch loss = 190.6330065727234
2022-04-13 11:41:40,088 - root - TRAINING AP = 0.5185089432565789 Acc = 0.709375 Precision = 0.5873355263157894 Recall = 0.5697916666666667
2022-04-13 11:41:44,592 - root - VALIDATION AP = 0.27869046052631574 Acc = 0.5025 Precision = 0.5183771929824561 Recall = 0.5008333333333334
2022-04-13 11:42:36,985 - root - Epoch loss = 174.3263494372368
2022-04-13 11:42:55,331 - root - TRAINING AP = 0.5653065943667762 Acc = 0.7428125 Precision = 0.5984813596491229 Recall = 0.5809375
2022-04-13 11:42:59,825 - root - VALIDATION AP = 0.2745429893092105 Acc = 0.498125 Precision = 0.5169188596491229 Recall = 0.49937499999999996
2022-04-13 11:43:51,276 - root - Epoch loss = 160.34266412258148
2022-04-13 11:44:09,363 - root - TRAINING AP = 0.5959787456311678 Acc = 0.76390625 Precision = 0.6055126096491228 Recall = 0.58796875
2022-04-13 11:44:13,898 - root - VALIDATION AP = 0.26694210526315787 Acc = 0.49 Precision = 0.5142105263157895 Recall = 0.49666666666666665
2022-04-13 12:23:36,703 - root - Epoch 1 loss = 440.7189905643463
2022-04-13 12:55:41,322 - root - Epoch 1 loss = 447.79399514198303
2022-04-13 12:55:42,307 - root - TRAINING AP = 0.14578353592722038 Acc = 0.33265625 Precision = 0.4617626096491228 Recall = 0.44421874999999994
2022-04-13 12:55:42,569 - root - VALIDATION AP = 0.1396641447368421 Acc = 0.3225 Precision = 0.4583771929824561 Recall = 0.44083333333333335
2022-04-13 12:55:43,442 - root - Epoch 2 loss = 327.94407403469086
2022-04-13 12:55:44,419 - root - TRAINING AP = 0.29628065378289475 Acc = 0.520625 Precision = 0.5244188596491228 Recall = 0.506875
2022-04-13 12:55:44,667 - root - VALIDATION AP = 0.2589041940789474 Acc = 0.48125 Precision = 0.5112938596491228 Recall = 0.49374999999999997
2022-04-13 12:55:45,527 - root - Epoch 3 loss = 263.7644851207733
2022-04-13 12:55:46,505 - root - TRAINING AP = 0.38177012746710526 Acc = 0.600625 Precision = 0.5510855263157894 Recall = 0.5335416666666667
2022-04-13 12:55:46,754 - root - VALIDATION AP = 0.32357203947368424 Acc = 0.5475 Precision = 0.5333771929824561 Recall = 0.5158333333333333
2022-04-13 12:55:47,635 - root - Epoch 4 loss = 234.84588938951492
2022-04-13 12:55:48,610 - root - TRAINING AP = 0.4031025120785362 Acc = 0.61890625 Precision = 0.5571792763157895 Recall = 0.5396354166666667
2022-04-13 12:55:48,858 - root - VALIDATION AP = 0.330785587993421 Acc = 0.554375 Precision = 0.5356688596491228 Recall = 0.518125
2022-04-13 12:55:49,717 - root - Epoch 5 loss = 213.7475544810295
2022-04-13 12:55:50,694 - root - TRAINING AP = 0.4574650287828947 Acc = 0.663125 Precision = 0.5719188596491228 Recall = 0.554375
2022-04-13 12:55:50,943 - root - VALIDATION AP = 0.36197555509868423 Acc = 0.583125 Precision = 0.5452521929824562 Recall = 0.5277083333333333
2022-04-13 12:55:51,803 - root - Epoch 6 loss = 202.62118119001389
2022-04-13 12:55:52,780 - root - TRAINING AP = 0.4729330013877467 Acc = 0.67515625 Precision = 0.5759292763157895 Recall = 0.5583854166666667
2022-04-13 12:55:53,027 - root - VALIDATION AP = 0.3661656866776316 Acc = 0.586875 Precision = 0.5465021929824562 Recall = 0.5289583333333333
2022-04-13 12:55:53,887 - root - Epoch 7 loss = 193.31088364124298
2022-04-13 12:55:54,863 - root - TRAINING AP = 0.48827752878289477 Acc = 0.686875 Precision = 0.5798355263157895 Recall = 0.5622916666666667
2022-04-13 12:55:55,112 - root - VALIDATION AP = 0.3647658511513157 Acc = 0.585625 Precision = 0.5460855263157894 Recall = 0.5285416666666666
2022-04-13 12:55:55,978 - root - Epoch 8 loss = 186.5379335284233
2022-04-13 12:55:56,953 - root - TRAINING AP = 0.5238606021278782 Acc = 0.71328125 Precision = 0.5886376096491228 Recall = 0.5710937500000001
2022-04-13 12:55:57,200 - root - VALIDATION AP = 0.38464792351973687 Acc = 0.603125 Precision = 0.5519188596491228 Recall = 0.5343749999999999
2022-04-13 12:55:58,058 - root - Epoch 9 loss = 177.93965995311737
2022-04-13 12:55:59,032 - root - TRAINING AP = 0.5146746453536184 Acc = 0.7065625 Precision = 0.5863980263157894 Recall = 0.5688541666666667
2022-04-13 12:55:59,278 - root - VALIDATION AP = 0.37463032483552633 Acc = 0.594375 Precision = 0.5490021929824561 Recall = 0.5314583333333333
2022-04-13 12:56:00,137 - root - Epoch 10 loss = 174.4530262351036
2022-04-13 12:56:01,114 - root - TRAINING AP = 0.5460116300884047 Acc = 0.72921875 Precision = 0.5939501096491228 Recall = 0.57640625
2022-04-13 12:56:01,361 - root - VALIDATION AP = 0.38248840460526307 Acc = 0.60125 Precision = 0.5512938596491228 Recall = 0.53375
2022-04-13 12:56:02,220 - root - Epoch 11 loss = 169.04792189598083
2022-04-13 12:56:03,196 - root - TRAINING AP = 0.5641876786081416 Acc = 0.74203125 Precision = 0.5982209429824562 Recall = 0.5806770833333333
2022-04-13 12:56:03,444 - root - VALIDATION AP = 0.3999614309210526 Acc = 0.61625 Precision = 0.5562938596491228 Recall = 0.53875
2022-04-13 12:56:04,303 - root - Epoch 12 loss = 164.16947948932648
2022-04-13 12:56:05,285 - root - TRAINING AP = 0.5783752261513156 Acc = 0.751875 Precision = 0.6015021929824561 Recall = 0.5839583333333334
2022-04-13 12:56:05,532 - root - VALIDATION AP = 0.41336151315789466 Acc = 0.6275 Precision = 0.5600438596491227 Recall = 0.5425
2022-04-13 12:56:06,393 - root - Epoch 13 loss = 162.58280235528946
2022-04-13 12:56:07,366 - root - TRAINING AP = 0.592297043328536 Acc = 0.76140625 Precision = 0.6046792763157894 Recall = 0.5871354166666666
2022-04-13 12:56:07,617 - root - VALIDATION AP = 0.40588577302631573 Acc = 0.62125 Precision = 0.5579605263157895 Recall = 0.5404166666666667
2022-04-13 12:56:08,478 - root - Epoch 14 loss = 158.57951217889786
2022-04-13 12:56:09,456 - root - TRAINING AP = 0.5925267835115132 Acc = 0.7615625 Precision = 0.6047313596491228 Recall = 0.5871875000000001
2022-04-13 12:56:09,704 - root - VALIDATION AP = 0.40514249588815787 Acc = 0.620625 Precision = 0.5577521929824562 Recall = 0.5402083333333333
2022-04-13 12:56:10,564 - root - Epoch 15 loss = 155.18884015083313
2022-04-13 12:56:11,537 - root - TRAINING AP = 0.6073317177220395 Acc = 0.7715625 Precision = 0.6080646929824561 Recall = 0.5905208333333333
2022-04-13 12:56:11,785 - root - VALIDATION AP = 0.40588577302631573 Acc = 0.62125 Precision = 0.5579605263157895 Recall = 0.5404166666666667
2022-04-13 12:56:12,644 - root - Epoch 16 loss = 150.74154210090637
2022-04-13 12:56:13,622 - root - TRAINING AP = 0.6258823640522204 Acc = 0.78390625 Precision = 0.6121792763157895 Recall = 0.5946354166666666
2022-04-13 12:56:13,870 - root - VALIDATION AP = 0.40812029194078947 Acc = 0.623125 Precision = 0.5585855263157895 Recall = 0.5410416666666666
2022-04-13 12:56:14,729 - root - Epoch 17 loss = 147.6121595799923
2022-04-13 12:56:15,706 - root - TRAINING AP = 0.6258823640522204 Acc = 0.78390625 Precision = 0.6121792763157895 Recall = 0.5946354166666666
2022-04-13 12:56:15,958 - root - VALIDATION AP = 0.40961387746710526 Acc = 0.624375 Precision = 0.5590021929824561 Recall = 0.5414583333333334
2022-04-13 12:56:16,817 - root - Epoch 18 loss = 142.88034284114838
2022-04-13 12:56:17,793 - root - TRAINING AP = 0.6502845638877467 Acc = 0.79984375 Precision = 0.6174917763157894 Recall = 0.5999479166666667
2022-04-13 12:56:18,041 - root - VALIDATION AP = 0.4148660361842106 Acc = 0.62875 Precision = 0.5604605263157895 Recall = 0.5429166666666667
2022-04-13 12:56:18,899 - root - Epoch 19 loss = 141.4234368801117
2022-04-13 12:56:19,876 - root - TRAINING AP = 0.6401750758120889 Acc = 0.79328125 Precision = 0.6153042763157895 Recall = 0.5977604166666667
2022-04-13 12:56:20,123 - root - VALIDATION AP = 0.40440000000000004 Acc = 0.62 Precision = 0.5575438596491228 Recall = 0.54
2022-04-13 12:56:20,982 - root - Epoch 20 loss = 138.66140535473824
2022-04-13 12:56:21,956 - root - TRAINING AP = 0.6700246710526315 Acc = 0.8125 Precision = 0.6217105263157895 Recall = 0.6041666666666666
2022-04-13 12:56:22,203 - root - VALIDATION AP = 0.4178844572368421 Acc = 0.63125 Precision = 0.5612938596491228 Recall = 0.5437500000000001
2022-04-13 12:56:23,063 - root - Epoch 21 loss = 135.77697053551674
2022-04-13 12:56:24,041 - root - TRAINING AP = 0.6833627210115131 Acc = 0.8209375 Precision = 0.6245230263157895 Recall = 0.6069791666666666
2022-04-13 12:56:24,289 - root - VALIDATION AP = 0.42015647615131585 Acc = 0.633125 Precision = 0.5619188596491228 Recall = 0.544375
2022-04-13 12:56:25,150 - root - Epoch 22 loss = 131.74283710122108
2022-04-13 12:56:26,127 - root - TRAINING AP = 0.7001097078022205 Acc = 0.83140625 Precision = 0.6280126096491229 Recall = 0.61046875
2022-04-13 12:56:26,374 - root - VALIDATION AP = 0.42243552631578946 Acc = 0.635 Precision = 0.5625438596491228 Recall = 0.545
2022-04-13 12:56:27,233 - root - Epoch 23 loss = 130.17424952983856
2022-04-13 12:56:28,208 - root - TRAINING AP = 0.7054038805509869 Acc = 0.8346875 Precision = 0.6291063596491228 Recall = 0.6115625
2022-04-13 12:56:28,456 - root - VALIDATION AP = 0.42243552631578946 Acc = 0.635 Precision = 0.5625438596491228 Recall = 0.545
2022-04-13 12:56:29,314 - root - Epoch 24 loss = 126.764652967453
2022-04-13 12:56:30,292 - root - TRAINING AP = 0.7132584434107729 Acc = 0.83953125 Precision = 0.6307209429824562 Recall = 0.6131770833333333
2022-04-13 12:56:30,541 - root - VALIDATION AP = 0.42243552631578946 Acc = 0.635 Precision = 0.5625438596491228 Recall = 0.545
2022-04-13 12:56:31,399 - root - Epoch 25 loss = 123.19760924577713
2022-04-13 12:56:32,374 - root - TRAINING AP = 0.7298800318667763 Acc = 0.8496875 Precision = 0.6341063596491229 Recall = 0.6165625
2022-04-13 12:56:32,622 - root - VALIDATION AP = 0.42091537828947373 Acc = 0.63375 Precision = 0.5621271929824562 Recall = 0.5445833333333333
2022-04-13 12:56:33,482 - root - Epoch 26 loss = 120.28563985228539
2022-04-13 12:56:34,460 - root - TRAINING AP = 0.7347776148745888 Acc = 0.85265625 Precision = 0.6350959429824562 Recall = 0.6175520833333333
2022-04-13 12:56:34,707 - root - VALIDATION AP = 0.41939835526315783 Acc = 0.6325 Precision = 0.5617105263157894 Recall = 0.5441666666666666
2022-04-13 12:56:35,568 - root - Epoch 27 loss = 118.0408586859703
2022-04-13 12:56:36,544 - root - TRAINING AP = 0.7540204294305098 Acc = 0.86421875 Precision = 0.6389501096491228 Recall = 0.62140625
2022-04-13 12:56:36,791 - root - VALIDATION AP = 0.426249568256579 Acc = 0.638125 Precision = 0.5635855263157895 Recall = 0.5460416666666666
2022-04-13 12:56:37,651 - root - Epoch 28 loss = 114.54057964682579
2022-04-13 12:56:38,627 - root - TRAINING AP = 0.7587415437397204 Acc = 0.86703125 Precision = 0.6398876096491228 Recall = 0.6223437500000001
2022-04-13 12:56:38,874 - root - VALIDATION AP = 0.41637368421052634 Acc = 0.63 Precision = 0.5608771929824562 Recall = 0.5433333333333333
2022-04-13 12:56:39,734 - root - Epoch 29 loss = 111.1966962814331
2022-04-13 12:56:40,713 - root - TRAINING AP = 0.7706135433799342 Acc = 0.8740625 Precision = 0.6422313596491228 Recall = 0.6246875
2022-04-13 12:56:40,961 - root - VALIDATION AP = 0.4148660361842106 Acc = 0.62875 Precision = 0.5604605263157895 Recall = 0.5429166666666667
2022-04-13 12:56:41,821 - root - Epoch 30 loss = 108.36296984553337
2022-04-13 12:56:42,797 - root - TRAINING AP = 0.7892776315789475 Acc = 0.885 Precision = 0.6458771929824562 Recall = 0.6283333333333333
2022-04-13 12:56:43,043 - root - VALIDATION AP = 0.41561946957236845 Acc = 0.629375 Precision = 0.5606688596491228 Recall = 0.543125
2022-04-13 12:56:43,899 - root - Epoch 31 loss = 105.57718029618263
2022-04-13 12:56:44,877 - root - TRAINING AP = 0.7927701621607731 Acc = 0.88703125 Precision = 0.6465542763157895 Recall = 0.6290104166666667
2022-04-13 12:56:45,128 - root - VALIDATION AP = 0.4148660361842106 Acc = 0.62875 Precision = 0.5604605263157895 Recall = 0.5429166666666667
2022-04-13 12:56:45,984 - root - Epoch 32 loss = 105.53928422927856
2022-04-13 12:56:46,959 - root - TRAINING AP = 0.8076375616776317 Acc = 0.895625 Precision = 0.6494188596491228 Recall = 0.631875
2022-04-13 12:56:47,207 - root - VALIDATION AP = 0.4178844572368421 Acc = 0.63125 Precision = 0.5612938596491228 Recall = 0.5437500000000001
2022-04-13 12:56:48,065 - root - Epoch 33 loss = 100.61942628026009
2022-04-13 12:56:49,042 - root - TRAINING AP = 0.8079092452199834 Acc = 0.89578125 Precision = 0.6494709429824561 Recall = 0.6319270833333334
2022-04-13 12:56:49,289 - root - VALIDATION AP = 0.42243552631578946 Acc = 0.635 Precision = 0.5625438596491228 Recall = 0.545
2022-04-13 12:56:50,149 - root - Epoch 34 loss = 96.20790623128414
2022-04-13 12:56:51,125 - root - TRAINING AP = 0.8287000655324837 Acc = 0.90765625 Precision = 0.6534292763157895 Recall = 0.6358854166666666
2022-04-13 12:56:51,373 - root - VALIDATION AP = 0.41864101562499995 Acc = 0.631875 Precision = 0.5615021929824561 Recall = 0.5439583333333333
2022-04-13 12:56:52,234 - root - Epoch 35 loss = 95.92642748355865
2022-04-13 12:56:53,217 - root - TRAINING AP = 0.8358774606805099 Acc = 0.91171875 Precision = 0.6547834429824562 Recall = 0.6372395833333333
2022-04-13 12:56:53,467 - root - VALIDATION AP = 0.4171286800986842 Acc = 0.630625 Precision = 0.5610855263157895 Recall = 0.5435416666666667
2022-04-13 12:56:54,326 - root - Epoch 36 loss = 93.2208162844181
2022-04-13 12:56:55,304 - root - TRAINING AP = 0.8486567883943257 Acc = 0.91890625 Precision = 0.6571792763157894 Recall = 0.6396354166666667
2022-04-13 12:56:55,552 - root - VALIDATION AP = 0.42319677220394736 Acc = 0.635625 Precision = 0.5627521929824562 Recall = 0.5452083333333334
2022-04-13 12:56:56,412 - root - Epoch 37 loss = 91.08426570892334
2022-04-13 12:56:57,389 - root - TRAINING AP = 0.855085197368421 Acc = 0.9225 Precision = 0.6583771929824561 Recall = 0.6408333333333333
2022-04-13 12:56:57,637 - root - VALIDATION AP = 0.43162203947368416 Acc = 0.6425 Precision = 0.5650438596491228 Recall = 0.5475
2022-04-13 12:56:58,495 - root - Epoch 38 loss = 87.65987321734428
2022-04-13 12:56:59,473 - root - TRAINING AP = 0.856486095548931 Acc = 0.92328125 Precision = 0.6586376096491228 Recall = 0.64109375
2022-04-13 12:56:59,720 - root - VALIDATION AP = 0.4285473684210527 Acc = 0.64 Precision = 0.5642105263157895 Recall = 0.5466666666666667
2022-04-13 12:57:00,578 - root - Epoch 39 loss = 85.4149534702301
2022-04-13 12:57:01,556 - root - TRAINING AP = 0.866890681537829 Acc = 0.9290625 Precision = 0.6605646929824561 Recall = 0.6430208333333334
2022-04-13 12:57:01,803 - root - VALIDATION AP = 0.42472160773026313 Acc = 0.636875 Precision = 0.5631688596491228 Recall = 0.5456249999999999
2022-04-13 12:57:02,679 - root - Epoch 40 loss = 82.50287389755249
2022-04-13 12:57:03,653 - root - TRAINING AP = 0.8663265625 Acc = 0.92875 Precision = 0.6604605263157894 Recall = 0.6429166666666667
2022-04-13 12:57:03,900 - root - VALIDATION AP = 0.42395879934210523 Acc = 0.63625 Precision = 0.5629605263157894 Recall = 0.5454166666666667
2022-04-13 12:57:04,759 - root - Epoch 41 loss = 80.16124798357487
2022-04-13 12:57:05,732 - root - TRAINING AP = 0.9025356946443256 Acc = 0.94859375 Precision = 0.6670751096491229 Recall = 0.64953125
2022-04-13 12:57:05,979 - root - VALIDATION AP = 0.4171286800986842 Acc = 0.630625 Precision = 0.5610855263157895 Recall = 0.5435416666666667
2022-04-13 12:57:06,840 - root - Epoch 42 loss = 79.12282146513462
2022-04-13 12:57:07,816 - root - TRAINING AP = 0.9051315789473684 Acc = 0.95 Precision = 0.6675438596491228 Recall = 0.65
2022-04-13 12:57:08,064 - root - VALIDATION AP = 0.42778065378289476 Acc = 0.639375 Precision = 0.5640021929824561 Recall = 0.5464583333333334
2022-04-13 12:57:08,928 - root - Epoch 43 loss = 74.83919087052345
2022-04-13 12:57:09,900 - root - TRAINING AP = 0.9135229993318258 Acc = 0.95453125 Precision = 0.6690542763157895 Recall = 0.6515104166666666
2022-04-13 12:57:10,147 - root - VALIDATION AP = 0.42778065378289476 Acc = 0.639375 Precision = 0.5640021929824561 Recall = 0.5464583333333334
2022-04-13 12:57:11,006 - root - Epoch 44 loss = 72.23408478498459
2022-04-13 12:57:11,982 - root - TRAINING AP = 0.9234135112561677 Acc = 0.95984375 Precision = 0.6708251096491228 Recall = 0.65328125
2022-04-13 12:57:12,231 - root - VALIDATION AP = 0.41561946957236845 Acc = 0.629375 Precision = 0.5606688596491228 Recall = 0.543125
2022-04-13 12:57:13,091 - root - Epoch 45 loss = 68.4185488820076
2022-04-13 12:57:14,073 - root - TRAINING AP = 0.9135229993318258 Acc = 0.95453125 Precision = 0.6690542763157895 Recall = 0.6515104166666666
2022-04-13 12:57:14,321 - root - VALIDATION AP = 0.425485197368421 Acc = 0.6375 Precision = 0.5633771929824561 Recall = 0.5458333333333333
2022-04-13 12:57:15,183 - root - Epoch 46 loss = 68.11905509233475
2022-04-13 12:57:16,161 - root - TRAINING AP = 0.932480525287829 Acc = 0.9646875 Precision = 0.6724396929824561 Recall = 0.6548958333333333
2022-04-13 12:57:16,408 - root - VALIDATION AP = 0.4300831414473684 Acc = 0.64125 Precision = 0.5646271929824561 Recall = 0.5470833333333333
2022-04-13 12:57:17,267 - root - Epoch 47 loss = 65.58713130652905
2022-04-13 12:57:18,243 - root - TRAINING AP = 0.9351216732627466 Acc = 0.96609375 Precision = 0.6729084429824561 Recall = 0.6553645833333334
2022-04-13 12:57:18,490 - root - VALIDATION AP = 0.43470921052631584 Acc = 0.645 Precision = 0.5658771929824561 Recall = 0.5483333333333333
2022-04-13 12:57:19,387 - root - Epoch 48 loss = 61.76079711318016
2022-04-13 12:57:20,368 - root - TRAINING AP = 0.9418892423930921 Acc = 0.9696875 Precision = 0.6741063596491227 Recall = 0.6565625
2022-04-13 12:57:20,614 - root - VALIDATION AP = 0.41864101562499995 Acc = 0.631875 Precision = 0.5615021929824561 Recall = 0.5439583333333333
2022-04-13 12:57:21,474 - root - Epoch 49 loss = 62.496748849749565
2022-04-13 12:57:22,454 - root - TRAINING AP = 0.9510516177528782 Acc = 0.97453125 Precision = 0.6757209429824561 Recall = 0.6581770833333334
2022-04-13 12:57:22,705 - root - VALIDATION AP = 0.41261042351973676 Acc = 0.626875 Precision = 0.5598355263157895 Recall = 0.5422916666666667
2022-04-13 12:57:23,565 - root - Epoch 50 loss = 59.27741797268391
2022-04-13 12:57:24,541 - root - TRAINING AP = 0.954610941354852 Acc = 0.97640625 Precision = 0.6763459429824561 Recall = 0.6588020833333333
2022-04-13 12:57:24,789 - root - VALIDATION AP = 0.4178844572368421 Acc = 0.63125 Precision = 0.5612938596491228 Recall = 0.5437500000000001
2022-04-13 12:57:25,651 - root - Epoch 51 loss = 57.16234192252159
2022-04-13 12:57:26,629 - root - TRAINING AP = 0.9557989450555099 Acc = 0.97703125 Precision = 0.6765542763157896 Recall = 0.6590104166666667
2022-04-13 12:57:26,878 - root - VALIDATION AP = 0.42395879934210523 Acc = 0.63625 Precision = 0.5629605263157894 Recall = 0.5454166666666667
2022-04-13 12:57:27,737 - root - Epoch 52 loss = 56.46923790872097
2022-04-13 12:57:28,715 - root - TRAINING AP = 0.9557989450555099 Acc = 0.97703125 Precision = 0.6765542763157896 Recall = 0.6590104166666667
2022-04-13 12:57:28,963 - root - VALIDATION AP = 0.4118601151315789 Acc = 0.62625 Precision = 0.5596271929824561 Recall = 0.5420833333333334
2022-04-13 12:57:29,822 - root - Epoch 53 loss = 54.260394632816315
2022-04-13 12:57:30,808 - root - TRAINING AP = 0.9587723722759047 Acc = 0.97859375 Precision = 0.6770751096491229 Recall = 0.65953125
2022-04-13 12:57:31,057 - root - VALIDATION AP = 0.4293148643092105 Acc = 0.640625 Precision = 0.5644188596491228 Recall = 0.546875
2022-04-13 12:57:31,918 - root - Epoch 54 loss = 51.63998056948185
2022-04-13 12:57:32,895 - root - TRAINING AP = 0.9689185482627467 Acc = 0.98390625 Precision = 0.6788459429824562 Recall = 0.6613020833333333
2022-04-13 12:57:33,143 - root - VALIDATION AP = 0.425485197368421 Acc = 0.6375 Precision = 0.5633771929824561 Recall = 0.5458333333333333
2022-04-13 12:57:34,004 - root - Epoch 55 loss = 50.4486770555377
2022-04-13 12:57:34,982 - root - TRAINING AP = 0.9683201518811678 Acc = 0.98359375 Precision = 0.6787417763157895 Recall = 0.6611979166666667
2022-04-13 12:57:35,229 - root - VALIDATION AP = 0.42015647615131585 Acc = 0.633125 Precision = 0.5619188596491228 Recall = 0.544375
2022-04-13 12:57:36,088 - root - Epoch 56 loss = 47.75398626178503
2022-04-13 12:57:37,070 - root - TRAINING AP = 0.9719134598581415 Acc = 0.98546875 Precision = 0.6793667763157895 Recall = 0.6618229166666666
2022-04-13 12:57:37,319 - root - VALIDATION AP = 0.41864101562499995 Acc = 0.631875 Precision = 0.5615021929824561 Recall = 0.5439583333333333
2022-04-13 12:57:38,179 - root - Epoch 57 loss = 47.723324194550514
2022-04-13 12:57:39,157 - root - TRAINING AP = 0.9713140869140624 Acc = 0.98515625 Precision = 0.6792626096491228 Recall = 0.66171875
2022-04-13 12:57:39,406 - root - VALIDATION AP = 0.42319677220394736 Acc = 0.635625 Precision = 0.5627521929824562 Recall = 0.5452083333333334
2022-04-13 12:57:40,264 - root - Epoch 58 loss = 44.494334779679775
2022-04-13 12:57:41,242 - root - TRAINING AP = 0.977316605417352 Acc = 0.98828125 Precision = 0.6803042763157894 Recall = 0.6627604166666666
2022-04-13 12:57:41,488 - root - VALIDATION AP = 0.41864101562499995 Acc = 0.631875 Precision = 0.5615021929824561 Recall = 0.5439583333333333
2022-04-13 12:57:42,349 - root - Epoch 59 loss = 43.26278357952833
2022-04-13 12:57:43,325 - root - TRAINING AP = 0.9821326827199834 Acc = 0.99078125 Precision = 0.6811376096491228 Recall = 0.66359375
2022-04-13 12:57:43,573 - root - VALIDATION AP = 0.42091537828947373 Acc = 0.63375 Precision = 0.5621271929824562 Recall = 0.5445833333333333
2022-04-13 12:57:44,432 - root - Epoch 60 loss = 41.3323365598917
2022-04-13 12:57:45,409 - root - TRAINING AP = 0.987868009868421 Acc = 0.99375 Precision = 0.6821271929824562 Recall = 0.6645833333333333
2022-04-13 12:57:45,657 - root - VALIDATION AP = 0.4148660361842106 Acc = 0.62875 Precision = 0.5604605263157895 Recall = 0.5429166666666667
2022-04-13 12:57:46,518 - root - Epoch 61 loss = 40.568789787590504
2022-04-13 12:57:47,496 - root - TRAINING AP = 0.9866591077302632 Acc = 0.993125 Precision = 0.6819188596491227 Recall = 0.664375
2022-04-13 12:57:47,745 - root - VALIDATION AP = 0.42243552631578946 Acc = 0.635 Precision = 0.5625438596491228 Recall = 0.545
2022-04-13 12:57:48,607 - root - Epoch 62 loss = 40.12242924422026
2022-04-13 12:57:49,583 - root - TRAINING AP = 0.989077693256579 Acc = 0.994375 Precision = 0.6823355263157894 Recall = 0.6647916666666667
2022-04-13 12:57:49,832 - root - VALIDATION AP = 0.4088666940789474 Acc = 0.62375 Precision = 0.5587938596491228 Recall = 0.54125
2022-04-13 12:57:50,693 - root - Epoch 63 loss = 38.13651092350483
2022-04-13 12:57:51,668 - root - TRAINING AP = 0.9930145597759047 Acc = 0.99640625 Precision = 0.6830126096491229 Recall = 0.66546875
2022-04-13 12:57:51,915 - root - VALIDATION AP = 0.41036184210526316 Acc = 0.625 Precision = 0.5592105263157895 Recall = 0.5416666666666666
2022-04-13 12:57:52,776 - root - Epoch 64 loss = 37.65390598773956
2022-04-13 12:57:53,755 - root - TRAINING AP = 0.987263461143092 Acc = 0.9934375 Precision = 0.6820230263157895 Recall = 0.6644791666666666
2022-04-13 12:57:54,002 - root - VALIDATION AP = 0.4308521998355263 Acc = 0.641875 Precision = 0.5648355263157895 Recall = 0.5472916666666666
2022-04-13 12:57:54,863 - root - Epoch 65 loss = 36.14539331942797
2022-04-13 12:57:55,840 - root - TRAINING AP = 0.9914994037828947 Acc = 0.995625 Precision = 0.6827521929824562 Recall = 0.6652083333333333
2022-04-13 12:57:56,089 - root - VALIDATION AP = 0.42243552631578946 Acc = 0.635 Precision = 0.5625438596491228 Recall = 0.545
2022-04-13 12:57:56,949 - root - Epoch 66 loss = 34.13228293508291
2022-04-13 12:57:57,925 - root - TRAINING AP = 0.9939242393092105 Acc = 0.996875 Precision = 0.6831688596491228 Recall = 0.665625
2022-04-13 12:57:58,172 - root - VALIDATION AP = 0.41864101562499995 Acc = 0.631875 Precision = 0.5615021929824561 Recall = 0.5439583333333333
2022-04-13 12:57:59,033 - root - Epoch 67 loss = 33.904216442257166
2022-04-13 12:58:00,011 - root - TRAINING AP = 0.9902881578947369 Acc = 0.995 Precision = 0.6825438596491228 Recall = 0.665
2022-04-13 12:58:00,258 - root - VALIDATION AP = 0.42243552631578946 Acc = 0.635 Precision = 0.5625438596491228 Recall = 0.545
2022-04-13 12:58:01,118 - root - Epoch 68 loss = 31.91670409590006
2022-04-13 12:58:02,094 - root - TRAINING AP = 0.9951378289473685 Acc = 0.9975 Precision = 0.6833771929824562 Recall = 0.6658333333333334
2022-04-13 12:58:02,342 - root - VALIDATION AP = 0.4216750616776316 Acc = 0.634375 Precision = 0.5623355263157895 Recall = 0.5447916666666667
2022-04-13 12:58:03,203 - root - Epoch 69 loss = 32.36719772592187
2022-04-13 12:58:04,180 - root - TRAINING AP = 0.9966559146278783 Acc = 0.99828125 Precision = 0.6836376096491228 Recall = 0.66609375
2022-04-13 12:58:04,430 - root - VALIDATION AP = 0.42701472039473687 Acc = 0.63875 Precision = 0.5637938596491229 Recall = 0.54625
2022-04-13 12:58:05,291 - root - Epoch 70 loss = 29.66168412193656
2022-04-13 12:58:06,267 - root - TRAINING AP = 0.9933177374588816 Acc = 0.9965625 Precision = 0.6830646929824562 Recall = 0.6655208333333333
2022-04-13 12:58:06,515 - root - VALIDATION AP = 0.4216750616776316 Acc = 0.634375 Precision = 0.5623355263157895 Recall = 0.5447916666666667
2022-04-13 12:58:07,375 - root - Epoch 71 loss = 28.59034474566579
2022-04-13 12:58:08,352 - root - TRAINING AP = 0.9972634906969572 Acc = 0.99859375 Precision = 0.6837417763157895 Recall = 0.6661979166666666
2022-04-13 12:58:08,599 - root - VALIDATION AP = 0.42319677220394736 Acc = 0.635625 Precision = 0.5627521929824562 Recall = 0.5452083333333334
2022-04-13 12:58:09,458 - root - Epoch 72 loss = 28.286033503711224
2022-04-13 12:58:10,434 - root - TRAINING AP = 0.9987832853618421 Acc = 0.999375 Precision = 0.6840021929824562 Recall = 0.6664583333333334
2022-04-13 12:58:10,681 - root - VALIDATION AP = 0.42015647615131585 Acc = 0.633125 Precision = 0.5619188596491228 Recall = 0.544375
2022-04-13 12:58:11,541 - root - Epoch 73 loss = 27.97684431821108
2022-04-13 12:58:12,516 - root - TRAINING AP = 0.9990873907791941 Acc = 0.99953125 Precision = 0.6840542763157895 Recall = 0.6665104166666667
2022-04-13 12:58:12,763 - root - VALIDATION AP = 0.4148660361842106 Acc = 0.62875 Precision = 0.5604605263157895 Recall = 0.5429166666666667
2022-04-13 12:58:13,625 - root - Epoch 74 loss = 28.378926262259483
2022-04-13 12:58:14,602 - root - TRAINING AP = 0.9972634906969572 Acc = 0.99859375 Precision = 0.6837417763157895 Recall = 0.6661979166666666
2022-04-13 12:58:14,851 - root - VALIDATION AP = 0.40961387746710526 Acc = 0.624375 Precision = 0.5590021929824561 Recall = 0.5414583333333334
2022-04-13 12:58:15,712 - root - Epoch 75 loss = 24.904457796365023
2022-04-13 12:58:16,689 - root - TRAINING AP = 0.9990873907791941 Acc = 0.99953125 Precision = 0.6840542763157895 Recall = 0.6665104166666667
2022-04-13 12:58:16,937 - root - VALIDATION AP = 0.41261042351973676 Acc = 0.626875 Precision = 0.5598355263157895 Recall = 0.5422916666666667
2022-04-13 12:58:17,798 - root - Epoch 76 loss = 23.948289446532726
2022-04-13 12:58:18,779 - root - TRAINING AP = 0.9984792287726152 Acc = 0.99921875 Precision = 0.6839501096491228 Recall = 0.66640625
2022-04-13 12:58:19,027 - root - VALIDATION AP = 0.41939835526315783 Acc = 0.6325 Precision = 0.5617105263157894 Recall = 0.5441666666666666
2022-04-13 12:58:19,887 - root - Epoch 77 loss = 25.335350960493088
2022-04-13 12:58:20,863 - root - TRAINING AP = 0.9987832853618421 Acc = 0.999375 Precision = 0.6840021929824562 Recall = 0.6664583333333334
2022-04-13 12:58:21,112 - root - VALIDATION AP = 0.40737467105263164 Acc = 0.6225 Precision = 0.5583771929824561 Recall = 0.5408333333333334
2022-04-13 12:58:21,973 - root - Epoch 78 loss = 24.585711106657982
2022-04-13 12:58:22,954 - root - TRAINING AP = 0.9996957480982731 Acc = 0.99984375 Precision = 0.6841584429824561 Recall = 0.6666145833333333
2022-04-13 12:58:23,201 - root - VALIDATION AP = 0.41111058799342104 Acc = 0.625625 Precision = 0.5594188596491229 Recall = 0.541875
2022-04-13 12:58:24,060 - root - Epoch 79 loss = 23.499602537602186
2022-04-13 12:58:25,038 - root - TRAINING AP = 0.9996957480982731 Acc = 0.99984375 Precision = 0.6841584429824561 Recall = 0.6666145833333333
2022-04-13 12:58:25,286 - root - VALIDATION AP = 0.41637368421052634 Acc = 0.63 Precision = 0.5608771929824562 Recall = 0.5433333333333333
2022-04-13 12:58:26,146 - root - Epoch 80 loss = 23.157108265906572
2022-04-13 12:58:27,123 - root - TRAINING AP = 1.0 Acc = 1.0 Precision = 1.0 Recall = 0.5
2022-04-13 12:58:27,371 - root - VALIDATION AP = 0.42472160773026313 Acc = 0.636875 Precision = 0.5631688596491228 Recall = 0.5456249999999999
2022-04-13 12:58:27,371 - root - ***** Training complete. *****
2022-04-13 12:58:27,789 - root - TEST AP = 0.43449747083786167 Acc = 0.6448288553551711 Precision = 0.5658201447675132 Recall = 0.5482762851183903
2022-04-13 14:48:13,671 - root - Epoch 1 loss = 23.258519172668457
2022-04-13 14:48:13,699 - root - TRAINING AP = 0.07540053289041143 Acc = 0.1794871794871795 Precision = 0.41070625281151596 Recall = 0.39316239316239315
2022-04-13 14:48:13,710 - root - VALIDATION AP = 0.05736842105263158 Acc = 0.1 Precision = 0.3842105263157895 Recall = 0.3666666666666667
2022-04-13 14:48:13,747 - root - Epoch 2 loss = 21.94770050048828
2022-04-13 14:48:13,771 - root - TRAINING AP = 0.10488252188657046 Acc = 0.2564102564102564 Precision = 0.43634727845254156 Recall = 0.4188034188034188
2022-04-13 14:48:13,781 - root - VALIDATION AP = 0.08210526315789474 Acc = 0.2 Precision = 0.4175438596491228 Recall = 0.39999999999999997
2022-04-13 14:48:13,807 - root - Epoch 3 loss = 20.65595507621765
2022-04-13 14:48:13,829 - root - TRAINING AP = 0.2196961832589363 Acc = 0.4358974358974359 Precision = 0.4961763382816014 Recall = 0.47863247863247865
2022-04-13 14:48:13,840 - root - VALIDATION AP = 0.05736842105263158 Acc = 0.1 Precision = 0.3842105263157895 Recall = 0.3666666666666667
2022-04-13 14:48:13,867 - root - Epoch 4 loss = 19.48504090309143
2022-04-13 14:48:13,890 - root - TRAINING AP = 0.24135783245094988 Acc = 0.46153846153846156 Precision = 0.50472334682861 Recall = 0.4871794871794872
2022-04-13 14:48:13,901 - root - VALIDATION AP = 0.05736842105263158 Acc = 0.1 Precision = 0.3842105263157895 Recall = 0.3666666666666667
2022-04-13 14:48:13,927 - root - Epoch 5 loss = 18.690661430358887
2022-04-13 14:48:13,949 - root - TRAINING AP = 0.31423232637807536 Acc = 0.5384615384615384 Precision = 0.5303643724696356 Recall = 0.5128205128205128
2022-04-13 14:48:13,960 - root - VALIDATION AP = 0.05736842105263158 Acc = 0.1 Precision = 0.3842105263157895 Recall = 0.3666666666666667
